# JRE version: Java(TM) SE Runtime Environment (8.0_131-b11) (build 1.8.0_131-b11)
# Java VM: Java HotSpot(TM) 64-Bit Server VM (25.131-b11 mixed mode windows-amd64 compressed oops)
Heap:
 PSYoungGen      total 48640K, used 3568K [0x00000000e2d00000, 0x00000000e6000000, 0x0000000100000000)
  eden space 45056K, 0% used [0x00000000e2d00000,0x00000000e2d00000,0x00000000e5900000)
  from space 3584K, 99% used [0x00000000e5c80000,0x00000000e5ffc010,0x00000000e6000000)
  to   space 3584K, 0% used [0x00000000e5900000,0x00000000e5900000,0x00000000e5c80000)
 ParOldGen       total 60416K, used 8527K [0x00000000a8600000, 0x00000000ac100000, 0x00000000e2d00000)
  object space 60416K, 14% used [0x00000000a8600000,0x00000000a8e53fe8,0x00000000ac100000)
 Metaspace       used 20827K, capacity 21056K, committed 21296K, reserved 1069056K
  class space    used 2488K, capacity 2561K, committed 2688K, reserved 1048576K
GC Heap History (9 events):
Event: 2.814 GC heap before
{Heap before GC invocations=1 (full 0):
 PSYoungGen      total 26112K, used 22528K [0x00000000e2d00000, 0x00000000e4a00000, 0x0000000100000000)
  eden space 22528K, 100% used [0x00000000e2d00000,0x00000000e4300000,0x00000000e4300000)
  from space 3584K, 0% used [0x00000000e4680000,0x00000000e4680000,0x00000000e4a00000)
  to   space 3584K, 0% used [0x00000000e4300000,0x00000000e4300000,0x00000000e4680000)
 ParOldGen       total 60416K, used 0K [0x00000000a8600000, 0x00000000ac100000, 0x00000000e2d00000)
  object space 60416K, 0% used [0x00000000a8600000,0x00000000a8600000,0x00000000ac100000)
 Metaspace       used 10831K, capacity 11104K, committed 11392K, reserved 1058816K
  class space    used 1290K, capacity 1354K, committed 1408K, reserved 1048576K
Event: 2.829 GC heap after
Heap after GC invocations=1 (full 0):
 PSYoungGen      total 26112K, used 3565K [0x00000000e2d00000, 0x00000000e4a00000, 0x0000000100000000)
  eden space 22528K, 0% used [0x00000000e2d00000,0x00000000e2d00000,0x00000000e4300000)
  from space 3584K, 99% used [0x00000000e4300000,0x00000000e467b5f8,0x00000000e4680000)
  to   space 3584K, 0% used [0x00000000e4680000,0x00000000e4680000,0x00000000e4a00000)
 ParOldGen       total 60416K, used 353K [0x00000000a8600000, 0x00000000ac100000, 0x00000000e2d00000)
  object space 60416K, 0% used [0x00000000a8600000,0x00000000a8658430,0x00000000ac100000)
 Metaspace       used 10831K, capacity 11104K, committed 11392K, reserved 1058816K
  class space    used 1290K, capacity 1354K, committed 1408K, reserved 1048576K
}
Event: 3.993 GC heap before
{Heap before GC invocations=2 (full 0):
 PSYoungGen      total 26112K, used 26093K [0x00000000e2d00000, 0x00000000e4a00000, 0x0000000100000000)
  eden space 22528K, 100% used [0x00000000e2d00000,0x00000000e4300000,0x00000000e4300000)
  from space 3584K, 99% used [0x00000000e4300000,0x00000000e467b5f8,0x00000000e4680000)
  to   space 3584K, 0% used [0x00000000e4680000,0x00000000e4680000,0x00000000e4a00000)
 ParOldGen       total 60416K, used 353K [0x00000000a8600000, 0x00000000ac100000, 0x00000000e2d00000)
  object space 60416K, 0% used [0x00000000a8600000,0x00000000a8658430,0x00000000ac100000)
 Metaspace       used 14064K, capacity 14304K, committed 14720K, reserved 1062912K
  class space    used 1717K, capacity 1802K, committed 1920K, reserved 1048576K
Event: 4.015 GC heap after
Heap after GC invocations=2 (full 0):
 PSYoungGen      total 26112K, used 3570K [0x00000000e2d00000, 0x00000000e6000000, 0x0000000100000000)
  eden space 22528K, 0% used [0x00000000e2d00000,0x00000000e2d00000,0x00000000e4300000)
  from space 3584K, 99% used [0x00000000e4680000,0x00000000e49fcbf0,0x00000000e4a00000)
  to   space 3584K, 0% used [0x00000000e4300000,0x00000000e4300000,0x00000000e4680000)
 ParOldGen       total 60416K, used 2183K [0x00000000a8600000, 0x00000000ac100000, 0x00000000e2d00000)
  object space 60416K, 3% used [0x00000000a8600000,0x00000000a8821cc8,0x00000000ac100000)
 Metaspace       used 14064K, capacity 14304K, committed 14720K, reserved 1062912K
  class space    used 1717K, capacity 1802K, committed 1920K, reserved 1048576K
}
Event: 4.765 GC heap before
{Heap before GC invocations=3 (full 0):
 PSYoungGen      total 26112K, used 26098K [0x00000000e2d00000, 0x00000000e6000000, 0x0000000100000000)
  eden space 22528K, 100% used [0x00000000e2d00000,0x00000000e4300000,0x00000000e4300000)
  from space 3584K, 99% used [0x00000000e4680000,0x00000000e49fcbf0,0x00000000e4a00000)
  to   space 3584K, 0% used [0x00000000e4300000,0x00000000e4300000,0x00000000e4680000)
 ParOldGen       total 60416K, used 2183K [0x00000000a8600000, 0x00000000ac100000, 0x00000000e2d00000)
  object space 60416K, 3% used [0x00000000a8600000,0x00000000a8821cc8,0x00000000ac100000)
 Metaspace       used 17565K, capacity 17824K, committed 18176K, reserved 1064960K
  class space    used 2114K, capacity 2186K, committed 2304K, reserved 1048576K
Event: 4.789 GC heap after
Heap after GC invocations=3 (full 0):
 PSYoungGen      total 26112K, used 3568K [0x00000000e2d00000, 0x00000000e6000000, 0x0000000100000000)
  eden space 22528K, 0% used [0x00000000e2d00000,0x00000000e2d00000,0x00000000e4300000)
  from space 3584K, 99% used [0x00000000e4300000,0x00000000e467c010,0x00000000e4680000)
  to   space 3584K, 0% used [0x00000000e5c80000,0x00000000e5c80000,0x00000000e6000000)
 ParOldGen       total 60416K, used 5117K [0x00000000a8600000, 0x00000000ac100000, 0x00000000e2d00000)
  object space 60416K, 8% used [0x00000000a8600000,0x00000000a8aff4f8,0x00000000ac100000)
 Metaspace       used 17565K, capacity 17824K, committed 18176K, reserved 1064960K
  class space    used 2114K, capacity 2186K, committed 2304K, reserved 1048576K
}
Event: 6.683 GC heap before
{Heap before GC invocations=4 (full 0):
 PSYoungGen      total 26112K, used 24823K [0x00000000e2d00000, 0x00000000e6000000, 0x0000000100000000)
  eden space 22528K, 94% used [0x00000000e2d00000,0x00000000e41c1fc8,0x00000000e4300000)
  from space 3584K, 99% used [0x00000000e4300000,0x00000000e467c010,0x00000000e4680000)
  to   space 3584K, 0% used [0x00000000e5c80000,0x00000000e5c80000,0x00000000e6000000)
 ParOldGen       total 60416K, used 5117K [0x00000000a8600000, 0x00000000ac100000, 0x00000000e2d00000)
  object space 60416K, 8% used [0x00000000a8600000,0x00000000a8aff4f8,0x00000000ac100000)
 Metaspace       used 20827K, capacity 21056K, committed 21296K, reserved 1069056K
  class space    used 2488K, capacity 2561K, committed 2688K, reserved 1048576K
Event: 6.722 GC heap after
Heap after GC invocations=4 (full 0):
 PSYoungGen      total 48640K, used 3568K [0x00000000e2d00000, 0x00000000e6000000, 0x0000000100000000)
  eden space 45056K, 0% used [0x00000000e2d00000,0x00000000e2d00000,0x00000000e5900000)
  from space 3584K, 99% used [0x00000000e5c80000,0x00000000e5ffc010,0x00000000e6000000)
  to   space 3584K, 0% used [0x00000000e5900000,0x00000000e5900000,0x00000000e5c80000)
 ParOldGen       total 60416K, used 8527K [0x00000000a8600000, 0x00000000ac100000, 0x00000000e2d00000)
  object space 60416K, 14% used [0x00000000a8600000,0x00000000a8e53fe8,0x00000000ac100000)
 Metaspace       used 20827K, capacity 21056K, committed 21296K, reserved 1069056K
  class space    used 2488K, capacity 2561K, committed 2688K, reserved 1048576K
}
Event: 6.722 GC heap before
{Heap before GC invocations=5 (full 1):
 PSYoungGen      total 48640K, used 3568K [0x00000000e2d00000, 0x00000000e6000000, 0x0000000100000000)
  eden space 45056K, 0% used [0x00000000e2d00000,0x00000000e2d00000,0x00000000e5900000)
  from space 3584K, 99% used [0x00000000e5c80000,0x00000000e5ffc010,0x00000000e6000000)
  to   space 3584K, 0% used [0x00000000e5900000,0x00000000e5900000,0x00000000e5c80000)
 ParOldGen       total 60416K, used 8527K [0x00000000a8600000, 0x00000000ac100000, 0x00000000e2d00000)
  object space 60416K, 14% used [0x00000000a8600000,0x00000000a8e53fe8,0x00000000ac100000)
 Metaspace       used 20827K, capacity 21056K, committed 21296K, reserved 1069056K
  class space    used 2488K, capacity 2561K, committed 2688K, reserved 1048576K

