# JRE version: Java(TM) SE Runtime Environment (8.0_131-b11) (build 1.8.0_131-b11)
# Java VM: Java HotSpot(TM) 64-Bit Server VM (25.131-b11 mixed mode windows-amd64 compressed oops)
Heap:
 PSYoungGen      total 73216K, used 72732K [0x00000000e2d00000, 0x00000000e7e00000, 0x0000000100000000)
  eden space 66560K, 100% used [0x00000000e2d00000,0x00000000e6e00000,0x00000000e6e00000)
  from space 6656K, 92% used [0x00000000e7780000,0x00000000e7d87390,0x00000000e7e00000)
  to   space 8192K, 99% used [0x00000000e6e00000,0x00000000e75fd850,0x00000000e7600000)
 ParOldGen       total 391168K, used 356026K [0x00000000a8600000, 0x00000000c0400000, 0x00000000e2d00000)
  object space 391168K, 91% used [0x00000000a8600000,0x00000000be1aebc0,0x00000000c0400000)
 Metaspace       used 30065K, capacity 30418K, committed 30720K, reserved 1077248K
  class space    used 3677K, capacity 3782K, committed 3840K, reserved 1048576K
GC Heap History (10 events):
Event: 4.186 GC heap after
Heap after GC invocations=3 (full 0):
 PSYoungGen      total 26112K, used 3568K [0x00000000e2d00000, 0x00000000e6000000, 0x0000000100000000)
  eden space 22528K, 0% used [0x00000000e2d00000,0x00000000e2d00000,0x00000000e4300000)
  from space 3584K, 99% used [0x00000000e4300000,0x00000000e467c010,0x00000000e4680000)
  to   space 3584K, 0% used [0x00000000e5c80000,0x00000000e5c80000,0x00000000e6000000)
 ParOldGen       total 60416K, used 5282K [0x00000000a8600000, 0x00000000ac100000, 0x00000000e2d00000)
  object space 60416K, 8% used [0x00000000a8600000,0x00000000a8b288a0,0x00000000ac100000)
 Metaspace       used 18163K, capacity 18428K, committed 18688K, reserved 1064960K
  class space    used 2205K, capacity 2282K, committed 2304K, reserved 1048576K
}
Event: 5.420 GC heap before
{Heap before GC invocations=4 (full 0):
 PSYoungGen      total 26112K, used 23608K [0x00000000e2d00000, 0x00000000e6000000, 0x0000000100000000)
  eden space 22528K, 88% used [0x00000000e2d00000,0x00000000e4092200,0x00000000e4300000)
  from space 3584K, 99% used [0x00000000e4300000,0x00000000e467c010,0x00000000e4680000)
  to   space 3584K, 0% used [0x00000000e5c80000,0x00000000e5c80000,0x00000000e6000000)
 ParOldGen       total 60416K, used 5282K [0x00000000a8600000, 0x00000000ac100000, 0x00000000e2d00000)
  object space 60416K, 8% used [0x00000000a8600000,0x00000000a8b288a0,0x00000000ac100000)
 Metaspace       used 20833K, capacity 21122K, committed 21296K, reserved 1069056K
  class space    used 2518K, capacity 2606K, committed 2688K, reserved 1048576K
Event: 5.449 GC heap after
Heap after GC invocations=4 (full 0):
 PSYoungGen      total 48640K, used 3568K [0x00000000e2d00000, 0x00000000e6000000, 0x0000000100000000)
  eden space 45056K, 0% used [0x00000000e2d00000,0x00000000e2d00000,0x00000000e5900000)
  from space 3584K, 99% used [0x00000000e5c80000,0x00000000e5ffc030,0x00000000e6000000)
  to   space 3584K, 0% used [0x00000000e5900000,0x00000000e5900000,0x00000000e5c80000)
 ParOldGen       total 60416K, used 8454K [0x00000000a8600000, 0x00000000ac100000, 0x00000000e2d00000)
  object space 60416K, 13% used [0x00000000a8600000,0x00000000a8e41890,0x00000000ac100000)
 Metaspace       used 20833K, capacity 21122K, committed 21296K, reserved 1069056K
  class space    used 2518K, capacity 2606K, committed 2688K, reserved 1048576K
}
Event: 5.449 GC heap before
{Heap before GC invocations=5 (full 1):
 PSYoungGen      total 48640K, used 3568K [0x00000000e2d00000, 0x00000000e6000000, 0x0000000100000000)
  eden space 45056K, 0% used [0x00000000e2d00000,0x00000000e2d00000,0x00000000e5900000)
  from space 3584K, 99% used [0x00000000e5c80000,0x00000000e5ffc030,0x00000000e6000000)
  to   space 3584K, 0% used [0x00000000e5900000,0x00000000e5900000,0x00000000e5c80000)
 ParOldGen       total 60416K, used 8454K [0x00000000a8600000, 0x00000000ac100000, 0x00000000e2d00000)
  object space 60416K, 13% used [0x00000000a8600000,0x00000000a8e41890,0x00000000ac100000)
 Metaspace       used 20833K, capacity 21122K, committed 21296K, reserved 1069056K
  class space    used 2518K, capacity 2606K, committed 2688K, reserved 1048576K
Event: 5.590 GC heap after
Heap after GC invocations=5 (full 1):
 PSYoungGen      total 48640K, used 0K [0x00000000e2d00000, 0x00000000e6000000, 0x0000000100000000)
  eden space 45056K, 0% used [0x00000000e2d00000,0x00000000e2d00000,0x00000000e5900000)
  from space 3584K, 0% used [0x00000000e5c80000,0x00000000e5c80000,0x00000000e6000000)
  to   space 3584K, 0% used [0x00000000e5900000,0x00000000e5900000,0x00000000e5c80000)
 ParOldGen       total 44032K, used 6773K [0x00000000a8600000, 0x00000000ab100000, 0x00000000e2d00000)
  object space 44032K, 15% used [0x00000000a8600000,0x00000000a8c9d650,0x00000000ab100000)
 Metaspace       used 20833K, capacity 21122K, committed 21296K, reserved 1069056K
  class space    used 2518K, capacity 2606K, committed 2688K, reserved 1048576K
}
Event: 7.213 GC heap before
{Heap before GC invocations=6 (full 1):
 PSYoungGen      total 48640K, used 45056K [0x00000000e2d00000, 0x00000000e6000000, 0x0000000100000000)
  eden space 45056K, 100% used [0x00000000e2d00000,0x00000000e5900000,0x00000000e5900000)
  from space 3584K, 0% used [0x00000000e5c80000,0x00000000e5c80000,0x00000000e6000000)
  to   space 3584K, 0% used [0x00000000e5900000,0x00000000e5900000,0x00000000e5c80000)
 ParOldGen       total 44032K, used 6773K [0x00000000a8600000, 0x00000000ab100000, 0x00000000e2d00000)
  object space 44032K, 15% used [0x00000000a8600000,0x00000000a8c9d650,0x00000000ab100000)
 Metaspace       used 22600K, capacity 22940K, committed 22960K, reserved 1069056K
  class space    used 2724K, capacity 2813K, committed 2816K, reserved 1048576K
Event: 7.237 GC heap after
Heap after GC invocations=6 (full 1):
 PSYoungGen      total 48640K, used 3568K [0x00000000e2d00000, 0x00000000e7f80000, 0x0000000100000000)
  eden space 45056K, 0% used [0x00000000e2d00000,0x00000000e2d00000,0x00000000e5900000)
  from space 3584K, 99% used [0x00000000e5900000,0x00000000e5c7c290,0x00000000e5c80000)
  to   space 8192K, 0% used [0x00000000e7780000,0x00000000e7780000,0x00000000e7f80000)
 ParOldGen       total 44032K, used 7240K [0x00000000a8600000, 0x00000000ab100000, 0x00000000e2d00000)
  object space 44032K, 16% used [0x00000000a8600000,0x00000000a8d123a8,0x00000000ab100000)
 Metaspace       used 22600K, capacity 22940K, committed 22960K, reserved 1069056K
  class space    used 2724K, capacity 2813K, committed 2816K, reserved 1048576K
}
Event: 9.326 GC heap before
{Heap before GC invocations=7 (full 1):
 PSYoungGen      total 48640K, used 48624K [0x00000000e2d00000, 0x00000000e7f80000, 0x0000000100000000)
  eden space 45056K, 100% used [0x00000000e2d00000,0x00000000e5900000,0x00000000e5900000)
  from space 3584K, 99% used [0x00000000e5900000,0x00000000e5c7c290,0x00000000e5c80000)
  to   space 8192K, 0% used [0x00000000e7780000,0x00000000e7780000,0x00000000e7f80000)
 ParOldGen       total 44032K, used 7240K [0x00000000a8600000, 0x00000000ab100000, 0x00000000e2d00000)
  object space 44032K, 16% used [0x00000000a8600000,0x00000000a8d123a8,0x00000000ab100000)
 Metaspace       used 25625K, capacity 25996K, committed 26368K, reserved 1073152K
  class space    used 3101K, capacity 3205K, committed 3328K, reserved 1048576K
Event: 9.355 GC heap after
Heap after GC invocations=7 (full 1):
 PSYoungGen      total 73216K, used 6172K [0x00000000e2d00000, 0x00000000e7e00000, 0x0000000100000000)
  eden space 66560K, 0% used [0x00000000e2d00000,0x00000000e2d00000,0x00000000e6e00000)
  from space 6656K, 92% used [0x00000000e7780000,0x00000000e7d87390,0x00000000e7e00000)
  to   space 8192K, 0% used [0x00000000e6e00000,0x00000000e6e00000,0x00000000e7600000)
 ParOldGen       total 44032K, used 7248K [0x00000000a8600000, 0x00000000ab100000, 0x00000000e2d00000)
  object space 44032K, 16% used [0x00000000a8600000,0x00000000a8d143a8,0x00000000ab100000)
 Metaspace       used 25625K, capacity 25996K, committed 26368K, reserved 1073152K
  class space    used 3101K, capacity 3205K, committed 3328K, reserved 1048576K
}
Event: 12.457 GC heap before
{Heap before GC invocations=8 (full 1):
 PSYoungGen      total 73216K, used 72732K [0x00000000e2d00000, 0x00000000e7e00000, 0x0000000100000000)
  eden space 66560K, 100% used [0x00000000e2d00000,0x00000000e6e00000,0x00000000e6e00000)
  from space 6656K, 92% used [0x00000000e7780000,0x00000000e7d87390,0x00000000e7e00000)
  to   space 8192K, 0% used [0x00000000e6e00000,0x00000000e6e00000,0x00000000e7600000)
 ParOldGen       total 44032K, used 7248K [0x00000000a8600000, 0x00000000ab100000, 0x00000000e2d00000)
  object space 44032K, 16% used [0x00000000a8600000,0x00000000a8d143a8,0x00000000ab100000)
 Metaspace       used 30065K, capacity 30418K, committed 30720K, reserved 1077248K
  class space    used 3677K, capacity 3782K, committed 3840K, reserved 1048576K

