# JRE version: Java(TM) SE Runtime Environment (8.0_131-b11) (build 1.8.0_131-b11)
# Java VM: Java HotSpot(TM) 64-Bit Server VM (25.131-b11 mixed mode windows-amd64 compressed oops)
Heap:
 PSYoungGen      total 115712K, used 12270K [0x00000000e2d00000, 0x00000000eb100000, 0x0000000100000000)
  eden space 103424K, 0% used [0x00000000e2d00000,0x00000000e2d00000,0x00000000e9200000)
  from space 12288K, 99% used [0x00000000ea000000,0x00000000eabfbac0,0x00000000eac00000)
  to   space 14336K, 0% used [0x00000000e9200000,0x00000000e9200000,0x00000000ea000000)
 ParOldGen       total 47104K, used 13371K [0x00000000a8600000, 0x00000000ab400000, 0x00000000e2d00000)
  object space 47104K, 28% used [0x00000000a8600000,0x00000000a930eef8,0x00000000ab400000)
 Metaspace       used 34807K, capacity 35242K, committed 35456K, reserved 1081344K
  class space    used 4316K, capacity 4449K, committed 4480K, reserved 1048576K
GC Heap History (10 events):
Event: 5.934 GC heap after
Heap after GC invocations=5 (full 1):
 PSYoungGen      total 48640K, used 0K [0x00000000e2d00000, 0x00000000e6000000, 0x0000000100000000)
  eden space 45056K, 0% used [0x00000000e2d00000,0x00000000e2d00000,0x00000000e5900000)
  from space 3584K, 0% used [0x00000000e5c80000,0x00000000e5c80000,0x00000000e6000000)
  to   space 3584K, 0% used [0x00000000e5900000,0x00000000e5900000,0x00000000e5c80000)
 ParOldGen       total 47104K, used 7117K [0x00000000a8600000, 0x00000000ab400000, 0x00000000e2d00000)
  object space 47104K, 15% used [0x00000000a8600000,0x00000000a8cf37e0,0x00000000ab400000)
 Metaspace       used 20851K, capacity 21088K, committed 21296K, reserved 1069056K
  class space    used 2503K, capacity 2593K, committed 2688K, reserved 1048576K
}
Event: 7.934 GC heap before
{Heap before GC invocations=6 (full 1):
 PSYoungGen      total 48640K, used 45056K [0x00000000e2d00000, 0x00000000e6000000, 0x0000000100000000)
  eden space 45056K, 100% used [0x00000000e2d00000,0x00000000e5900000,0x00000000e5900000)
  from space 3584K, 0% used [0x00000000e5c80000,0x00000000e5c80000,0x00000000e6000000)
  to   space 3584K, 0% used [0x00000000e5900000,0x00000000e5900000,0x00000000e5c80000)
 ParOldGen       total 47104K, used 7126K [0x00000000a8600000, 0x00000000ab400000, 0x00000000e2d00000)
  object space 47104K, 15% used [0x00000000a8600000,0x00000000a8cf5a30,0x00000000ab400000)
 Metaspace       used 22844K, capacity 23206K, committed 23216K, reserved 1069056K
  class space    used 2734K, capacity 2814K, committed 2816K, reserved 1048576K
Event: 8.050 GC heap after
Heap after GC invocations=6 (full 1):
 PSYoungGen      total 48640K, used 3564K [0x00000000e2d00000, 0x00000000e8280000, 0x0000000100000000)
  eden space 45056K, 0% used [0x00000000e2d00000,0x00000000e2d00000,0x00000000e5900000)
  from space 3584K, 99% used [0x00000000e5900000,0x00000000e5c7b2f8,0x00000000e5c80000)
  to   space 8704K, 0% used [0x00000000e7a00000,0x00000000e7a00000,0x00000000e8280000)
 ParOldGen       total 47104K, used 7521K [0x00000000a8600000, 0x00000000ab400000, 0x00000000e2d00000)
  object space 47104K, 15% used [0x00000000a8600000,0x00000000a8d586b0,0x00000000ab400000)
 Metaspace       used 22844K, capacity 23206K, committed 23216K, reserved 1069056K
  class space    used 2734K, capacity 2814K, committed 2816K, reserved 1048576K
}
Event: 10.444 GC heap before
{Heap before GC invocations=7 (full 1):
 PSYoungGen      total 48640K, used 48620K [0x00000000e2d00000, 0x00000000e8280000, 0x0000000100000000)
  eden space 45056K, 100% used [0x00000000e2d00000,0x00000000e5900000,0x00000000e5900000)
  from space 3584K, 99% used [0x00000000e5900000,0x00000000e5c7b2f8,0x00000000e5c80000)
  to   space 8704K, 0% used [0x00000000e7a00000,0x00000000e7a00000,0x00000000e8280000)
 ParOldGen       total 47104K, used 7521K [0x00000000a8600000, 0x00000000ab400000, 0x00000000e2d00000)
  object space 47104K, 15% used [0x00000000a8600000,0x00000000a8d586b0,0x00000000ab400000)
 Metaspace       used 25969K, capacity 26370K, committed 26624K, reserved 1073152K
  class space    used 3123K, capacity 3240K, committed 3328K, reserved 1048576K
Event: 10.472 GC heap after
Heap after GC invocations=7 (full 1):
 PSYoungGen      total 74752K, used 6328K [0x00000000e2d00000, 0x00000000e8080000, 0x0000000100000000)
  eden space 68096K, 0% used [0x00000000e2d00000,0x00000000e2d00000,0x00000000e6f80000)
  from space 6656K, 95% used [0x00000000e7a00000,0x00000000e802e028,0x00000000e8080000)
  to   space 8704K, 0% used [0x00000000e6f80000,0x00000000e6f80000,0x00000000e7800000)
 ParOldGen       total 47104K, used 7521K [0x00000000a8600000, 0x00000000ab400000, 0x00000000e2d00000)
  object space 47104K, 15% used [0x00000000a8600000,0x00000000a8d586b0,0x00000000ab400000)
 Metaspace       used 25969K, capacity 26370K, committed 26624K, reserved 1073152K
  class space    used 3123K, capacity 3240K, committed 3328K, reserved 1048576K
}
Event: 14.359 GC heap before
{Heap before GC invocations=8 (full 1):
 PSYoungGen      total 74752K, used 74424K [0x00000000e2d00000, 0x00000000e8080000, 0x0000000100000000)
  eden space 68096K, 100% used [0x00000000e2d00000,0x00000000e6f80000,0x00000000e6f80000)
  from space 6656K, 95% used [0x00000000e7a00000,0x00000000e802e028,0x00000000e8080000)
  to   space 8704K, 0% used [0x00000000e6f80000,0x00000000e6f80000,0x00000000e7800000)
 ParOldGen       total 47104K, used 7521K [0x00000000a8600000, 0x00000000ab400000, 0x00000000e2d00000)
  object space 47104K, 15% used [0x00000000a8600000,0x00000000a8d586b0,0x00000000ab400000)
 Metaspace       used 30663K, capacity 31080K, committed 31360K, reserved 1077248K
  class space    used 3726K, capacity 3849K, committed 3968K, reserved 1048576K
Event: 14.515 GC heap after
Heap after GC invocations=8 (full 1):
 PSYoungGen      total 76800K, used 8695K [0x00000000e2d00000, 0x00000000eac00000, 0x0000000100000000)
  eden space 68096K, 0% used [0x00000000e2d00000,0x00000000e2d00000,0x00000000e6f80000)
  from space 8704K, 99% used [0x00000000e6f80000,0x00000000e77fdcc8,0x00000000e7800000)
  to   space 12288K, 0% used [0x00000000ea000000,0x00000000ea000000,0x00000000eac00000)
 ParOldGen       total 47104K, used 12351K [0x00000000a8600000, 0x00000000ab400000, 0x00000000e2d00000)
  object space 47104K, 26% used [0x00000000a8600000,0x00000000a920ffd0,0x00000000ab400000)
 Metaspace       used 30663K, capacity 31080K, committed 31360K, reserved 1077248K
  class space    used 3726K, capacity 3849K, committed 3968K, reserved 1048576K
}
Event: 17.435 GC heap before
{Heap before GC invocations=9 (full 1):
 PSYoungGen      total 76800K, used 39411K [0x00000000e2d00000, 0x00000000eac00000, 0x0000000100000000)
  eden space 68096K, 45% used [0x00000000e2d00000,0x00000000e4afefe0,0x00000000e6f80000)
  from space 8704K, 99% used [0x00000000e6f80000,0x00000000e77fdcc8,0x00000000e7800000)
  to   space 12288K, 0% used [0x00000000ea000000,0x00000000ea000000,0x00000000eac00000)
 ParOldGen       total 47104K, used 12351K [0x00000000a8600000, 0x00000000ab400000, 0x00000000e2d00000)
  object space 47104K, 26% used [0x00000000a8600000,0x00000000a920ffd0,0x00000000ab400000)
 Metaspace       used 34807K, capacity 35242K, committed 35456K, reserved 1081344K
  class space    used 4316K, capacity 4449K, committed 4480K, reserved 1048576K
Event: 17.539 GC heap after
Heap after GC invocations=9 (full 1):
 PSYoungGen      total 115712K, used 12270K [0x00000000e2d00000, 0x00000000eb100000, 0x0000000100000000)
  eden space 103424K, 0% used [0x00000000e2d00000,0x00000000e2d00000,0x00000000e9200000)
  from space 12288K, 99% used [0x00000000ea000000,0x00000000eabfbac0,0x00000000eac00000)
  to   space 14336K, 0% used [0x00000000e9200000,0x00000000e9200000,0x00000000ea000000)
 ParOldGen       total 47104K, used 13371K [0x00000000a8600000, 0x00000000ab400000, 0x00000000e2d00000)
  object space 47104K, 28% used [0x00000000a8600000,0x00000000a930eef8,0x00000000ab400000)
 Metaspace       used 34807K, capacity 35242K, committed 35456K, reserved 1081344K
  class space    used 4316K, capacity 4449K, committed 4480K, reserved 1048576K
}
Event: 17.539 GC heap before
{Heap before GC invocations=10 (full 2):
 PSYoungGen      total 115712K, used 12270K [0x00000000e2d00000, 0x00000000eb100000, 0x0000000100000000)
  eden space 103424K, 0% used [0x00000000e2d00000,0x00000000e2d00000,0x00000000e9200000)
  from space 12288K, 99% used [0x00000000ea000000,0x00000000eabfbac0,0x00000000eac00000)
  to   space 14336K, 0% used [0x00000000e9200000,0x00000000e9200000,0x00000000ea000000)
 ParOldGen       total 47104K, used 13371K [0x00000000a8600000, 0x00000000ab400000, 0x00000000e2d00000)
  object space 47104K, 28% used [0x00000000a8600000,0x00000000a930eef8,0x00000000ab400000)
 Metaspace       used 34807K, capacity 35242K, committed 35456K, reserved 1081344K
  class space    used 4316K, capacity 4449K, committed 4480K, reserved 1048576K

